<?xml version="1.0" encoding="UTF-8"?>
<!-- Generated by org.testng.reporters.JUnitReportReporter -->
<testsuite hostname="DESKTOP-JRBJ1EU" failures="0" tests="2" name="com.test.TestNGBasics" time="0.010" errors="0" timestamp="04 Sep 2020 13:27:12 GMT" skipped="0">
  <testcase classname="com.test.TestNGBasics" name="searchTest" time="0.002"/>
  <testcase classname="com.test.TestNGBasics" name="googleTitleTest" time="0.008"/>
</testsuite> <!-- com.test.TestNGBasics -->
